<?xml version="1.0" encoding="UTF-8"?>
<!-- Generated by org.testng.reporters.JUnitXMLReporter -->
<testsuite ignored="0" hostname="DESKTOP-SGREK3T" failures="2" tests="2" name="Default test" time="8.308" errors="0" timestamp="2021-11-09T20:18:39 IST">
  <testcase classname="io.cucumber.testng.AbstractTestNGCucumberTests" name="runScenario" time="4.167">
    <failure type="java.lang.NullPointerException" message="Cannot invoke &amp;quot;com.aventstack.extentreports.ExtentReports.createTest(String)&amp;quot; because &amp;quot;StepDefinations.LoginDemoStepdefination2_PF.extent&amp;quot; is null">
      <![CDATA[java.lang.NullPointerException: Cannot invoke "com.aventstack.extentreports.ExtentReports.createTest(String)" because "StepDefinations.LoginDemoStepdefination2_PF.extent" is null
at StepDefinations.LoginDemoStepdefination2_PF.brower_is_open(LoginDemoStepdefination2_PF.java:52)
at ✽.brower is open(file:///C:/Users/HP/eclipse-workspace/SeleniumTutorials/src/test/resources/Features/Logindemo1.feature:5)
]]>
    </failure>
  </testcase> <!-- runScenario -->
  <testcase classname="io.cucumber.testng.AbstractTestNGCucumberTests" name="runScenario" time="3.322">
    <failure type="java.lang.NullPointerException" message="Cannot invoke &amp;quot;com.aventstack.extentreports.ExtentReports.createTest(String)&amp;quot; because &amp;quot;StepDefinations.LoginDemoStepdefination2_PF.extent&amp;quot; is null">
      <![CDATA[java.lang.NullPointerException: Cannot invoke "com.aventstack.extentreports.ExtentReports.createTest(String)" because "StepDefinations.LoginDemoStepdefination2_PF.extent" is null
at StepDefinations.LoginDemoStepdefination2_PF.brower_is_open(LoginDemoStepdefination2_PF.java:52)
at ✽.brower is open(file:///C:/Users/HP/eclipse-workspace/SeleniumTutorials/src/test/resources/Features/Logindemo1.feature:5)
]]>
    </failure>
  </testcase> <!-- runScenario -->
</testsuite> <!-- Default test -->
