<?xml version="1.0" encoding="UTF-8"?>
<!-- Generated by org.testng.reporters.JUnitReportReporter -->
<testsuite hostname="DESKTOP-SGREK3T" failures="0" tests="2" name="StepDefinations.TestRunner" time="7.489" errors="2" timestamp="2021-11-09T20:18:39 IST" skipped="0">
  <testcase classname="StepDefinations.TestRunner" name="runScenario" time="4.167">
    <error message="Cannot invoke &quot;com.aventstack.extentreports.ExtentReports.createTest(String)&quot; because &quot;StepDefinations.LoginDemoStepdefination2_PF.extent&quot; is null" type="java.lang.NullPointerException">
      <![CDATA[java.lang.NullPointerException: Cannot invoke "com.aventstack.extentreports.ExtentReports.createTest(String)" because "StepDefinations.LoginDemoStepdefination2_PF.extent" is null
at StepDefinations.LoginDemoStepdefination2_PF.brower_is_open(LoginDemoStepdefination2_PF.java:52)
at ✽.brower is open(file:///C:/Users/HP/eclipse-workspace/SeleniumTutorials/src/test/resources/Features/Logindemo1.feature:5)
]]>
    </error>
  </testcase> <!-- runScenario -->
  <system-out/>
  <testcase classname="StepDefinations.TestRunner" name="runScenario" time="3.322">
    <error message="Cannot invoke &quot;com.aventstack.extentreports.ExtentReports.createTest(String)&quot; because &quot;StepDefinations.LoginDemoStepdefination2_PF.extent&quot; is null" type="java.lang.NullPointerException">
      <![CDATA[java.lang.NullPointerException: Cannot invoke "com.aventstack.extentreports.ExtentReports.createTest(String)" because "StepDefinations.LoginDemoStepdefination2_PF.extent" is null
at StepDefinations.LoginDemoStepdefination2_PF.brower_is_open(LoginDemoStepdefination2_PF.java:52)
at ✽.brower is open(file:///C:/Users/HP/eclipse-workspace/SeleniumTutorials/src/test/resources/Features/Logindemo1.feature:5)
]]>
    </error>
  </testcase> <!-- runScenario -->
  <system-out/>
</testsuite> <!-- StepDefinations.TestRunner -->
