<?xml version="1.0" encoding="UTF-8" standalone="no"?>
<testsuite errors="0" failures="2" name="io.cucumber.core.plugin.JUnitFormatter" skipped="0" tests="2" time="7.597">
    <testcase classname="Test login functionality" name="check login is successful with valid credentials" time="4.065">
        <failure message="Cannot invoke &quot;com.aventstack.extentreports.ExtentReports.createTest(String)&quot; because &quot;StepDefinations.LoginDemoStepdefination2_PF.extent&quot; is null" type="java.lang.NullPointerException"><![CDATA[Given brower is open........................................................failed
And user is on login page...................................................skipped
When user enters kapil and 12345............................................skipped
Then user is navigated......................................................skipped

StackTrace:
java.lang.NullPointerException: Cannot invoke "com.aventstack.extentreports.ExtentReports.createTest(String)" because "StepDefinations.LoginDemoStepdefination2_PF.extent" is null
	at StepDefinations.LoginDemoStepdefination2_PF.brower_is_open(LoginDemoStepdefination2_PF.java:52)
	at ✽.brower is open(file:///C:/Users/HP/eclipse-workspace/SeleniumTutorials/src/test/resources/Features/Logindemo1.feature:5)
]]></failure>
    </testcase>
    <testcase classname="Test login functionality" name="check login is successful with valid credentials 2" time="3.317">
        <failure message="Cannot invoke &quot;com.aventstack.extentreports.ExtentReports.createTest(String)&quot; because &quot;StepDefinations.LoginDemoStepdefination2_PF.extent&quot; is null" type="java.lang.NullPointerException"><![CDATA[Given brower is open........................................................failed
And user is on login page...................................................skipped
When user enters raghav and 12345...........................................skipped
Then user is navigated......................................................skipped

StackTrace:
java.lang.NullPointerException: Cannot invoke "com.aventstack.extentreports.ExtentReports.createTest(String)" because "StepDefinations.LoginDemoStepdefination2_PF.extent" is null
	at StepDefinations.LoginDemoStepdefination2_PF.brower_is_open(LoginDemoStepdefination2_PF.java:52)
	at ✽.brower is open(file:///C:/Users/HP/eclipse-workspace/SeleniumTutorials/src/test/resources/Features/Logindemo1.feature:5)
]]></failure>
    </testcase>
</testsuite>
